[T 14:42:14 799153] Reading configuration file /home/bork/dev/ctf-projects/picoctf/heres_a_libc/src/decomp/working/tracing/compiler-tracing2930569403218900821.spec...
[T 14:42:14 799153] Compilers file as of 2021-11-23 14:42:14
[T 14:42:14 799153] Compiler pattern: **/configure
[T 14:42:14 799153] Replace intercepted call: 0
[T 14:42:14 799153] Extractor: <null>
[T 14:42:14 799153] Compilers file as of 2021-11-23 14:42:14
[T 14:42:14 799153] Compiler pattern: **/do-prebuild
[T 14:42:14 799153] Replace intercepted call: 0
[T 14:42:14 799153] Extractor: <null>
[T 14:42:14 799153] Compilers file as of 2021-11-23 14:42:14
[T 14:42:14 799153] Compiler pattern: **/*-as
[T 14:42:14 799153] Replace intercepted call: 0
[T 14:42:14 799153] Extractor: /home/bork/codeql-home/codeql/cpp/tools/linux64/extractor
[T 14:42:14 799153] Prepend[0] "--assembler"
[T 14:42:14 799153] Prepend[1] "--codeql-assembler-executable"
[T 14:42:14 799153] Prepend[2] "${compiler}"
[T 14:42:14 799153] Compilers file as of 2021-11-23 14:42:14
[T 14:42:14 799153] Compiler pattern: **/as
[T 14:42:14 799153] Replace intercepted call: 0
[T 14:42:14 799153] Extractor: /home/bork/codeql-home/codeql/cpp/tools/linux64/extractor
[T 14:42:14 799153] Prepend[0] "--assembler"
[T 14:42:14 799153] Prepend[1] "--codeql-assembler-executable"
[T 14:42:14 799153] Prepend[2] "${compiler}"
[T 14:42:14 799153] Compilers file as of 2021-11-23 14:42:14
[T 14:42:14 799153] Compiler pattern: **/collect2
[T 14:42:14 799153] Replace intercepted call: 0
[T 14:42:14 799153] Extractor: /home/bork/codeql-home/codeql/cpp/tools/linux64/extractor
[T 14:42:14 799153] Prepend[0] "--linker"
[T 14:42:14 799153] Prepend[1] "--semmle-linker-executable"
[T 14:42:14 799153] Prepend[2] "${compiler}"
[T 14:42:14 799153] Compilers file as of 2021-11-23 14:42:14
[T 14:42:14 799153] Compiler pattern: **/lld*
[T 14:42:14 799153] Replace intercepted call: 0
[T 14:42:14 799153] Extractor: /home/bork/codeql-home/codeql/cpp/tools/linux64/extractor
[T 14:42:14 799153] Prepend[0] "--linker"
[T 14:42:14 799153] Prepend[1] "--semmle-linker-executable"
[T 14:42:14 799153] Prepend[2] "${compiler}"
[T 14:42:14 799153] Compilers file as of 2021-11-23 14:42:14
[T 14:42:14 799153] Compiler pattern: **/*-ld*
[T 14:42:14 799153] Replace intercepted call: 0
[T 14:42:14 799153] Extractor: /home/bork/codeql-home/codeql/cpp/tools/linux64/extractor
[T 14:42:14 799153] Prepend[0] "--linker"
[T 14:42:14 799153] Prepend[1] "--semmle-linker-executable"
[T 14:42:14 799153] Prepend[2] "${compiler}"
[T 14:42:14 799153] Compilers file as of 2021-11-23 14:42:14
[T 14:42:14 799153] Compiler pattern: **/ld*
[T 14:42:14 799153] Replace intercepted call: 0
[T 14:42:14 799153] Extractor: /home/bork/codeql-home/codeql/cpp/tools/linux64/extractor
[T 14:42:14 799153] Prepend[0] "--linker"
[T 14:42:14 799153] Prepend[1] "--semmle-linker-executable"
[T 14:42:14 799153] Prepend[2] "${compiler}"
[T 14:42:14 799153] Compilers file as of 2021-11-23 14:42:14
[T 14:42:14 799153] Compiler pattern: **/armlink
[T 14:42:14 799153] Replace intercepted call: 0
[T 14:42:14 799153] Extractor: /home/bork/codeql-home/codeql/cpp/tools/linux64/extractor
[T 14:42:14 799153] Prepend[0] "--arm-linker"
[T 14:42:14 799153] Prepend[1] "--semmle-linker-executable"
[T 14:42:14 799153] Prepend[2] "${compiler}"
[T 14:42:14 799153] Compilers file as of 2021-11-23 14:42:14
[T 14:42:14 799153] Compiler pattern: **/icpc
[T 14:42:14 799153] Replace intercepted call: 0
[T 14:42:14 799153] Extractor: /home/bork/codeql-home/codeql/cpp/tools/linux64/extractor
[T 14:42:14 799153] Prepend[0] "--mimic"
[T 14:42:14 799153] Prepend[1] "${compiler}"
[T 14:42:14 799153] Compilers file as of 2021-11-23 14:42:14
[T 14:42:14 799153] Compiler pattern: **/*++*
[T 14:42:14 799153] Replace intercepted call: 0
[T 14:42:14 799153] Extractor: /home/bork/codeql-home/codeql/cpp/tools/linux64/extractor
[T 14:42:14 799153] Prepend[0] "--mimic"
[T 14:42:14 799153] Prepend[1] "${compiler}"
[T 14:42:14 799153] Compilers file as of 2021-11-23 14:42:14
[T 14:42:14 799153] Compiler pattern: **/*cc*
[T 14:42:14 799153] Replace intercepted call: 0
[T 14:42:14 799153] Extractor: /home/bork/codeql-home/codeql/cpp/tools/linux64/extractor
[T 14:42:14 799153] Prepend[0] "--mimic"
[T 14:42:14 799153] Prepend[1] "${compiler}"
[T 14:42:14 799153] Compilers file as of 2021-11-23 14:42:14
[T 14:42:14 799153] Compiler pattern: **/*clang*
[T 14:42:14 799153] Replace intercepted call: 0
[T 14:42:14 799153] Extractor: /home/bork/codeql-home/codeql/cpp/tools/linux64/extractor
[T 14:42:14 799153] Prepend[0] "--mimic"
[T 14:42:14 799153] Prepend[1] "${compiler}"
[T 14:42:14 799153] Initialising tags...
[T 14:42:14 799153] ID set to 00000000000C31B1_0000000000000001 (parent root)
[T 14:42:14 799153] Reading configuration file /home/bork/dev/ctf-projects/picoctf/heres_a_libc/src/decomp/working/tracing/compiler-tracing2930569403218900821.spec...
[T 14:42:14 799153] Initialising tags...
[T 14:42:14 799153] ID set to 00000000000C31B1_0000000000000002 (parent root)
[T 14:42:14 799153] Warning: SEMMLE_EXEC and SEMMLE_EXECP not set. Falling back to path lookup on argv[0].
[T 14:42:14 799153] ==== Candidate to intercept: /home/bork/codeql-home/codeql/tools/linux64/runner-linux (canonical: /home/bork/codeql-home/codeql/tools/linux64/runner-linux) ====
[T 14:42:14 799153] Reading configuration file /home/bork/dev/ctf-projects/picoctf/heres_a_libc/src/decomp/working/tracing/compiler-tracing2930569403218900821.spec...
[T 14:42:14 799153] Initialising tags...
[T 14:42:14 799153] ID set to 00000000000C31B1_0000000000000003 (parent 00000000000C31B1_0000000000000002)
[T 14:42:14 799153] ==== Candidate to intercept: make (canonical: make) ====
[T 14:42:14 799153] Will try to resolve make in path /home/bork/.opam/_coq-platform_.2021.02.1/bin:/home/bork/.opam/_coq-platform_.2021.02.1/bin:/home/bork/.cargo/bin:/home/bork/.local/bin:/usr/local/sbin:/usr/local/bin:/usr/sbin:/usr/bin:/sbin:/bin:/usr/games:/usr/local/games:/snap/bin:/home/bork/.local/bin:/home/bork/.fzf/bin:/home/bork/codeql-home/codeql:/home/bork/.local/bin:/home/bork/.fzf/bin:/home/bork/codeql-home/codeql.
[T 14:42:14 799153]  -> path lookup for make as /home/bork/.opam/_coq-platform_.2021.02.1/bin/make...
[T 14:42:14 799153]  -> path lookup for make as /home/bork/.opam/_coq-platform_.2021.02.1/bin/make...
[T 14:42:14 799153]  -> path lookup for make as /home/bork/.cargo/bin/make...
[T 14:42:14 799153]  -> path lookup for make as /home/bork/.local/bin/make...
[T 14:42:14 799153]  -> path lookup for make as /usr/local/sbin/make...
[T 14:42:14 799153]  -> path lookup for make as /usr/local/bin/make...
[T 14:42:14 799153]  -> path lookup for make as /usr/sbin/make...
[T 14:42:14 799153]  -> path lookup for make as /usr/bin/make...
[T 14:42:14 799153] ==== Candidate to intercept: /usr/bin/make (canonical: /usr/bin/make) ====
[T 14:42:14 799153] Pathname resolved to /usr/bin/make, which does not match a compiler.
[T 14:42:14 799156] Reading configuration file /home/bork/dev/ctf-projects/picoctf/heres_a_libc/src/decomp/working/tracing/compiler-tracing2930569403218900821.spec...
[T 14:42:14 799156] Initialising tags...
[T 14:42:14 799156] ID set to 00000000000C31B4_0000000000000001 (parent 00000000000C31B1_0000000000000003)
[T 14:42:14 799156] ==== Candidate to intercept: gcc (canonical: gcc) ====
[T 14:42:14 799156] Will try to resolve gcc in path /home/bork/.opam/_coq-platform_.2021.02.1/bin:/home/bork/.opam/_coq-platform_.2021.02.1/bin:/home/bork/.cargo/bin:/home/bork/.local/bin:/usr/local/sbin:/usr/local/bin:/usr/sbin:/usr/bin:/sbin:/bin:/usr/games:/usr/local/games:/snap/bin:/home/bork/.local/bin:/home/bork/.fzf/bin:/home/bork/codeql-home/codeql:/home/bork/.local/bin:/home/bork/.fzf/bin:/home/bork/codeql-home/codeql.
[T 14:42:14 799156]  -> path lookup for gcc as /home/bork/.opam/_coq-platform_.2021.02.1/bin/gcc...
[T 14:42:14 799156]  -> path lookup for gcc as /home/bork/.opam/_coq-platform_.2021.02.1/bin/gcc...
[T 14:42:14 799156]  -> path lookup for gcc as /home/bork/.cargo/bin/gcc...
[T 14:42:14 799156]  -> path lookup for gcc as /home/bork/.local/bin/gcc...
[T 14:42:14 799156]  -> path lookup for gcc as /usr/local/sbin/gcc...
[T 14:42:14 799156]  -> path lookup for gcc as /usr/local/bin/gcc...
[T 14:42:14 799156]  -> path lookup for gcc as /usr/sbin/gcc...
[T 14:42:14 799156]  -> path lookup for gcc as /usr/bin/gcc...
[T 14:42:14 799156] ==== Candidate to intercept: /usr/bin/gcc (canonical: /usr/bin/x86_64-linux-gnu-gcc-9) ====
[T 14:42:14 799156] === Intercepted call to /usr/bin/x86_64-linux-gnu-gcc-9 === 
[T 14:42:14 799156] Resolved barename gcc to /usr/bin/gcc, which matched **/*cc*...
[T 14:42:14 799158] Reading configuration file /home/bork/dev/ctf-projects/picoctf/heres_a_libc/src/decomp/working/tracing/compiler-tracing2930569403218900821.spec...
[T 14:42:14 799158] Initialising tags...
[T 14:42:14 799158] ID set to 00000000000C31B6_0000000000000001 (parent 00000000000C31B4_0000000000000001)
[T 14:42:14 799158] ==== Candidate to intercept: /usr/lib/gcc/x86_64-linux-gnu/9/cc1 (canonical: /usr/lib/gcc/x86_64-linux-gnu/9/cc1) ====
[T 14:42:14 799158] === Intercepted call to /usr/lib/gcc/x86_64-linux-gnu/9/cc1 === 
[T 14:42:15 799176] Attempting to switch stdout/stderr to 3...
[T 14:42:15 799176] Reading configuration file /home/bork/dev/ctf-projects/picoctf/heres_a_libc/src/decomp/working/tracing/compiler-tracing2930569403218900821.spec...
[T 14:42:15 799176] Initialising tags...
[T 14:42:15 799176] ID set to 00000000000C31C8_0000000000000001 (parent 00000000000C31B6_0000000000000001)
[E 14:42:15 799176] CodeQL C/C++ Extractor 2.7.0
[E 14:42:15 799176] Current directory: /home/bork/dev/ctf-projects/picoctf/heres_a_libc/src
[E 14:42:15 799176] Command: /home/bork/codeql-home/codeql/cpp/tools/linux64/extractor --mimic /usr/lib/gcc/x86_64-linux-gnu/9/cc1 -quiet -I . -imultiarch x86_64-linux-gnu vuln_todo.c -quiet -dumpbase vuln_todo.c -mtune=generic -march=x86-64 -auxbase-strip vuln_todo.o -fasynchronous-unwind-tables -fstack-protector-strong -Wformat -Wformat-security -fstack-clash-protection -fcf-protection -o /tmp/cc8mrTYF.s
[T 14:42:15 799177] Reading configuration file /home/bork/dev/ctf-projects/picoctf/heres_a_libc/src/decomp/working/tracing/compiler-tracing2930569403218900821.spec...
[T 14:42:15 799177] Initialising tags...
[T 14:42:15 799177] ID set to 00000000000C31C9_0000000000000001 (parent 00000000000C31C8_0000000000000001)
[T 14:42:15 799177] ==== Candidate to intercept: /usr/lib/gcc/x86_64-linux-gnu/9/cc1 (canonical: /usr/lib/gcc/x86_64-linux-gnu/9/cc1) ====
[T 14:42:15 799177] === Intercepted call to /usr/lib/gcc/x86_64-linux-gnu/9/cc1 === 
[T 14:42:15 799179] Attempting to switch stdout/stderr to 5...
[T 14:42:15 799179] Reading configuration file /home/bork/dev/ctf-projects/picoctf/heres_a_libc/src/decomp/working/tracing/compiler-tracing2930569403218900821.spec...
[T 14:42:15 799179] Initialising tags...
[T 14:42:15 799179] ID set to 00000000000C31CB_0000000000000001 (parent 00000000000C31C9_0000000000000001)
[E 14:42:15 799179] Mimicry classification suppression detected; exiting.
[T 14:42:15 799177] Extractor terminated with exit code 0.
[T 14:42:15 799180] Reading configuration file /home/bork/dev/ctf-projects/picoctf/heres_a_libc/src/decomp/working/tracing/compiler-tracing2930569403218900821.spec...
[T 14:42:15 799180] Initialising tags...
[T 14:42:15 799180] ID set to 00000000000C31CC_0000000000000001 (parent 00000000000C31C8_0000000000000001)
[T 14:42:15 799180] ==== Candidate to intercept: /usr/lib/gcc/x86_64-linux-gnu/9/cc1 (canonical: /usr/lib/gcc/x86_64-linux-gnu/9/cc1) ====
[T 14:42:15 799180] === Intercepted call to /usr/lib/gcc/x86_64-linux-gnu/9/cc1 === 
[T 14:42:15 799182] Attempting to switch stdout/stderr to 5...
[T 14:42:15 799182] Reading configuration file /home/bork/dev/ctf-projects/picoctf/heres_a_libc/src/decomp/working/tracing/compiler-tracing2930569403218900821.spec...
[T 14:42:15 799182] Initialising tags...
[T 14:42:15 799182] ID set to 00000000000C31CE_0000000000000001 (parent 00000000000C31CC_0000000000000001)
[E 14:42:15 799182] Mimicry classification suppression detected; exiting.
[T 14:42:15 799180] Extractor terminated with exit code 0.
[T 14:42:15 799183] Reading configuration file /home/bork/dev/ctf-projects/picoctf/heres_a_libc/src/decomp/working/tracing/compiler-tracing2930569403218900821.spec...
[T 14:42:15 799183] Initialising tags...
[T 14:42:15 799183] ID set to 00000000000C31CF_0000000000000001 (parent 00000000000C31C8_0000000000000001)
[T 14:42:15 799183] ==== Candidate to intercept: /usr/lib/gcc/x86_64-linux-gnu/9/cc1 (canonical: /usr/lib/gcc/x86_64-linux-gnu/9/cc1) ====
[T 14:42:15 799183] === Intercepted call to /usr/lib/gcc/x86_64-linux-gnu/9/cc1 === 
[T 14:42:15 799185] Attempting to switch stdout/stderr to 5...
[T 14:42:15 799185] Reading configuration file /home/bork/dev/ctf-projects/picoctf/heres_a_libc/src/decomp/working/tracing/compiler-tracing2930569403218900821.spec...
[T 14:42:15 799185] Initialising tags...
[T 14:42:15 799185] ID set to 00000000000C31D1_0000000000000001 (parent 00000000000C31CF_0000000000000001)
[E 14:42:15 799185] Mimicry classification suppression detected; exiting.
[T 14:42:15 799183] Extractor terminated with exit code 0.
[T 14:42:15 799186] Reading configuration file /home/bork/dev/ctf-projects/picoctf/heres_a_libc/src/decomp/working/tracing/compiler-tracing2930569403218900821.spec...
[T 14:42:15 799186] Initialising tags...
[T 14:42:15 799186] ID set to 00000000000C31D2_0000000000000001 (parent 00000000000C31C8_0000000000000001)
[T 14:42:15 799186] ==== Candidate to intercept: /usr/lib/gcc/x86_64-linux-gnu/9/cc1 (canonical: /usr/lib/gcc/x86_64-linux-gnu/9/cc1) ====
[T 14:42:15 799186] === Intercepted call to /usr/lib/gcc/x86_64-linux-gnu/9/cc1 === 
[T 14:42:16 799188] Attempting to switch stdout/stderr to 5...
[T 14:42:16 799188] Reading configuration file /home/bork/dev/ctf-projects/picoctf/heres_a_libc/src/decomp/working/tracing/compiler-tracing2930569403218900821.spec...
[T 14:42:16 799188] Initialising tags...
[T 14:42:16 799188] ID set to 00000000000C31D4_0000000000000001 (parent 00000000000C31D2_0000000000000001)
[E 14:42:16 799188] Mimicry classification suppression detected; exiting.
[T 14:42:16 799186] Extractor terminated with exit code 0.
[T 14:42:16 799189] Reading configuration file /home/bork/dev/ctf-projects/picoctf/heres_a_libc/src/decomp/working/tracing/compiler-tracing2930569403218900821.spec...
[T 14:42:16 799189] Initialising tags...
[T 14:42:16 799189] ID set to 00000000000C31D5_0000000000000001 (parent 00000000000C31C8_0000000000000001)
[T 14:42:16 799189] ==== Candidate to intercept: /usr/lib/gcc/x86_64-linux-gnu/9/cc1 (canonical: /usr/lib/gcc/x86_64-linux-gnu/9/cc1) ====
[T 14:42:16 799189] === Intercepted call to /usr/lib/gcc/x86_64-linux-gnu/9/cc1 === 
[T 14:42:16 799191] Attempting to switch stdout/stderr to 5...
[T 14:42:16 799191] Reading configuration file /home/bork/dev/ctf-projects/picoctf/heres_a_libc/src/decomp/working/tracing/compiler-tracing2930569403218900821.spec...
[T 14:42:16 799191] Initialising tags...
[T 14:42:16 799191] ID set to 00000000000C31D7_0000000000000001 (parent 00000000000C31D5_0000000000000001)
[E 14:42:16 799191] Mimicry classification suppression detected; exiting.
[T 14:42:16 799189] Extractor terminated with exit code 0.
[E 14:42:16 799176] Checking whether C compilation already happened.
[E 14:42:16 799176] Checking for tag c-compilation-happened
[E 14:42:16 799176] Checking CODEQL_TRACER_DB_ID 00000000000C31B6_0000000000000001
[E 14:42:16 799176] Looks like C compilation didn't already happen.
[E 14:42:16 799176] Checking whether C compilation has been attempted.
[E 14:42:16 799176] Checking for tag c-compilation-attempted
[E 14:42:16 799176] Checking CODEQL_TRACER_DB_ID 00000000000C31B6_0000000000000001
[E 14:42:16 799176] Marking C compilation as attempted.
[E 14:42:16 799176] Setting tag c-compilation-attempted
[E 14:42:16 799176] Starting from CODEQL_TRACER_DB_ID 00000000000C31B6_0000000000000001
[E 14:42:16 799176] Set tag for00000000000C31B6_0000000000000001
[E 14:42:16 799176] Set tag for00000000000C31B4_0000000000000001
[E 14:42:16 799176] Set tag for00000000000C31B1_0000000000000003
[E 14:42:16 799176] Set tag for00000000000C31B1_0000000000000002
[E 14:42:16 799176] Set tag forroot
[T 14:42:16 799192] Reading configuration file /home/bork/dev/ctf-projects/picoctf/heres_a_libc/src/decomp/working/tracing/compiler-tracing2930569403218900821.spec...
[T 14:42:16 799192] Initialising tags...
[T 14:42:16 799192] ID set to 00000000000C31D8_0000000000000001 (parent 00000000000C31C8_0000000000000001)
[T 14:42:16 799192] ==== Candidate to intercept: /usr/lib/gcc/x86_64-linux-gnu/9/cc1 (canonical: /usr/lib/gcc/x86_64-linux-gnu/9/cc1) ====
[T 14:42:16 799192] === Intercepted call to /usr/lib/gcc/x86_64-linux-gnu/9/cc1 === 
[T 14:42:16 799194] Attempting to switch stdout/stderr to 5...
[T 14:42:16 799194] Reading configuration file /home/bork/dev/ctf-projects/picoctf/heres_a_libc/src/decomp/working/tracing/compiler-tracing2930569403218900821.spec...
[T 14:42:16 799194] Initialising tags...
[T 14:42:16 799194] ID set to 00000000000C31DA_0000000000000001 (parent 00000000000C31D8_0000000000000001)
[E 14:42:16 799194] Mimicry classification suppression detected; exiting.
[T 14:42:16 799192] Extractor terminated with exit code 0.
[T 14:42:16 799195] Reading configuration file /home/bork/dev/ctf-projects/picoctf/heres_a_libc/src/decomp/working/tracing/compiler-tracing2930569403218900821.spec...
[T 14:42:16 799195] Initialising tags...
[T 14:42:16 799195] ID set to 00000000000C31DB_0000000000000001 (parent 00000000000C31C8_0000000000000001)
[T 14:42:16 799195] ==== Candidate to intercept: /usr/lib/gcc/x86_64-linux-gnu/9/cc1 (canonical: /usr/lib/gcc/x86_64-linux-gnu/9/cc1) ====
[T 14:42:16 799195] === Intercepted call to /usr/lib/gcc/x86_64-linux-gnu/9/cc1 === 
[T 14:42:16 799197] Attempting to switch stdout/stderr to 5...
[T 14:42:16 799197] Reading configuration file /home/bork/dev/ctf-projects/picoctf/heres_a_libc/src/decomp/working/tracing/compiler-tracing2930569403218900821.spec...
[T 14:42:16 799197] Initialising tags...
[T 14:42:16 799197] ID set to 00000000000C31DD_0000000000000001 (parent 00000000000C31DB_0000000000000001)
[E 14:42:16 799197] Mimicry classification suppression detected; exiting.
[T 14:42:16 799195] Extractor terminated with exit code 0.
[T 14:42:16 799198] Reading configuration file /home/bork/dev/ctf-projects/picoctf/heres_a_libc/src/decomp/working/tracing/compiler-tracing2930569403218900821.spec...
[T 14:42:16 799198] Initialising tags...
[T 14:42:16 799198] ID set to 00000000000C31DE_0000000000000001 (parent 00000000000C31C8_0000000000000001)
[T 14:42:16 799198] ==== Candidate to intercept: /usr/lib/gcc/x86_64-linux-gnu/9/cc1 (canonical: /usr/lib/gcc/x86_64-linux-gnu/9/cc1) ====
[T 14:42:16 799198] === Intercepted call to /usr/lib/gcc/x86_64-linux-gnu/9/cc1 === 
[T 14:42:16 799200] Attempting to switch stdout/stderr to 5...
[T 14:42:16 799200] Reading configuration file /home/bork/dev/ctf-projects/picoctf/heres_a_libc/src/decomp/working/tracing/compiler-tracing2930569403218900821.spec...
[T 14:42:16 799200] Initialising tags...
[T 14:42:16 799200] ID set to 00000000000C31E0_0000000000000001 (parent 00000000000C31DE_0000000000000001)
[E 14:42:16 799200] Mimicry classification suppression detected; exiting.
[T 14:42:16 799198] Extractor terminated with exit code 0.
Warning: Only 0 reserved identifiers found in precompiled header file.
[T 14:42:16 799201] Reading configuration file /home/bork/dev/ctf-projects/picoctf/heres_a_libc/src/decomp/working/tracing/compiler-tracing2930569403218900821.spec...
[T 14:42:16 799201] Initialising tags...
[T 14:42:16 799201] ID set to 00000000000C31E1_0000000000000001 (parent 00000000000C31C8_0000000000000001)
[T 14:42:16 799201] ==== Candidate to intercept: /usr/lib/gcc/x86_64-linux-gnu/9/cc1 (canonical: /usr/lib/gcc/x86_64-linux-gnu/9/cc1) ====
[T 14:42:16 799201] === Intercepted call to /usr/lib/gcc/x86_64-linux-gnu/9/cc1 === 
[T 14:42:16 799203] Attempting to switch stdout/stderr to 5...
[T 14:42:16 799203] Reading configuration file /home/bork/dev/ctf-projects/picoctf/heres_a_libc/src/decomp/working/tracing/compiler-tracing2930569403218900821.spec...
[T 14:42:16 799203] Initialising tags...
[T 14:42:16 799203] ID set to 00000000000C31E3_0000000000000001 (parent 00000000000C31E1_0000000000000001)
[E 14:42:16 799203] Mimicry classification suppression detected; exiting.
[T 14:42:16 799201] Extractor terminated with exit code 0.
[T 14:42:16 799204] Reading configuration file /home/bork/dev/ctf-projects/picoctf/heres_a_libc/src/decomp/working/tracing/compiler-tracing2930569403218900821.spec...
[T 14:42:16 799204] Initialising tags...
[T 14:42:16 799204] ID set to 00000000000C31E4_0000000000000001 (parent 00000000000C31C8_0000000000000001)
[T 14:42:16 799204] ==== Candidate to intercept: /usr/lib/gcc/x86_64-linux-gnu/9/cc1 (canonical: /usr/lib/gcc/x86_64-linux-gnu/9/cc1) ====
[T 14:42:16 799204] === Intercepted call to /usr/lib/gcc/x86_64-linux-gnu/9/cc1 === 
[T 14:42:16 799206] Attempting to switch stdout/stderr to 5...
[T 14:42:16 799206] Reading configuration file /home/bork/dev/ctf-projects/picoctf/heres_a_libc/src/decomp/working/tracing/compiler-tracing2930569403218900821.spec...
[T 14:42:16 799206] Initialising tags...
[T 14:42:16 799206] ID set to 00000000000C31E6_0000000000000001 (parent 00000000000C31E4_0000000000000001)
[E 14:42:16 799206] Mimicry classification suppression detected; exiting.
[T 14:42:16 799204] Extractor terminated with exit code 0.
[T 14:42:16 799207] Reading configuration file /home/bork/dev/ctf-projects/picoctf/heres_a_libc/src/decomp/working/tracing/compiler-tracing2930569403218900821.spec...
[T 14:42:16 799207] Initialising tags...
[T 14:42:16 799207] ID set to 00000000000C31E7_0000000000000001 (parent 00000000000C31C8_0000000000000001)
[T 14:42:16 799207] ==== Candidate to intercept: /usr/lib/gcc/x86_64-linux-gnu/9/cc1 (canonical: /usr/lib/gcc/x86_64-linux-gnu/9/cc1) ====
[T 14:42:16 799207] === Intercepted call to /usr/lib/gcc/x86_64-linux-gnu/9/cc1 === 
[T 14:42:16 799209] Attempting to switch stdout/stderr to 5...
[T 14:42:16 799209] Reading configuration file /home/bork/dev/ctf-projects/picoctf/heres_a_libc/src/decomp/working/tracing/compiler-tracing2930569403218900821.spec...
[T 14:42:16 799209] Initialising tags...
[T 14:42:16 799209] ID set to 00000000000C31E9_0000000000000001 (parent 00000000000C31E7_0000000000000001)
[E 14:42:16 799209] Mimicry classification suppression detected; exiting.
[T 14:42:16 799207] Extractor terminated with exit code 0.
[T 14:42:16 799210] Reading configuration file /home/bork/dev/ctf-projects/picoctf/heres_a_libc/src/decomp/working/tracing/compiler-tracing2930569403218900821.spec...
[T 14:42:16 799210] Initialising tags...
[T 14:42:16 799210] ID set to 00000000000C31EA_0000000000000001 (parent 00000000000C31C8_0000000000000001)
[T 14:42:16 799210] ==== Candidate to intercept: /usr/lib/gcc/x86_64-linux-gnu/9/cc1 (canonical: /usr/lib/gcc/x86_64-linux-gnu/9/cc1) ====
[T 14:42:16 799210] === Intercepted call to /usr/lib/gcc/x86_64-linux-gnu/9/cc1 === 
[T 14:42:16 799212] Attempting to switch stdout/stderr to 5...
[T 14:42:16 799212] Reading configuration file /home/bork/dev/ctf-projects/picoctf/heres_a_libc/src/decomp/working/tracing/compiler-tracing2930569403218900821.spec...
[T 14:42:16 799212] Initialising tags...
[T 14:42:16 799212] ID set to 00000000000C31EC_0000000000000001 (parent 00000000000C31EA_0000000000000001)
[E 14:42:16 799212] Mimicry classification suppression detected; exiting.
[T 14:42:16 799210] Extractor terminated with exit code 0.
[T 14:42:16 799213] Reading configuration file /home/bork/dev/ctf-projects/picoctf/heres_a_libc/src/decomp/working/tracing/compiler-tracing2930569403218900821.spec...
[T 14:42:16 799213] Initialising tags...
[T 14:42:16 799213] ID set to 00000000000C31ED_0000000000000001 (parent 00000000000C31C8_0000000000000001)
[T 14:42:16 799213] ==== Candidate to intercept: /usr/lib/gcc/x86_64-linux-gnu/9/cc1 (canonical: /usr/lib/gcc/x86_64-linux-gnu/9/cc1) ====
[T 14:42:16 799213] === Intercepted call to /usr/lib/gcc/x86_64-linux-gnu/9/cc1 === 
[T 14:42:16 799215] Attempting to switch stdout/stderr to 5...
[T 14:42:16 799215] Reading configuration file /home/bork/dev/ctf-projects/picoctf/heres_a_libc/src/decomp/working/tracing/compiler-tracing2930569403218900821.spec...
[T 14:42:16 799215] Initialising tags...
[T 14:42:16 799215] ID set to 00000000000C31EF_0000000000000001 (parent 00000000000C31ED_0000000000000001)
[E 14:42:16 799215] Mimicry classification suppression detected; exiting.
[T 14:42:16 799213] Extractor terminated with exit code 0.
[T 14:42:16 799216] Reading configuration file /home/bork/dev/ctf-projects/picoctf/heres_a_libc/src/decomp/working/tracing/compiler-tracing2930569403218900821.spec...
[T 14:42:16 799216] Initialising tags...
[T 14:42:16 799216] ID set to 00000000000C31F0_0000000000000001 (parent 00000000000C31C8_0000000000000001)
[T 14:42:16 799216] ==== Candidate to intercept: /usr/lib/gcc/x86_64-linux-gnu/9/cc1 (canonical: /usr/lib/gcc/x86_64-linux-gnu/9/cc1) ====
[T 14:42:16 799216] === Intercepted call to /usr/lib/gcc/x86_64-linux-gnu/9/cc1 === 
[T 14:42:16 799218] Attempting to switch stdout/stderr to 5...
[T 14:42:16 799218] Reading configuration file /home/bork/dev/ctf-projects/picoctf/heres_a_libc/src/decomp/working/tracing/compiler-tracing2930569403218900821.spec...
[T 14:42:16 799218] Initialising tags...
[T 14:42:16 799218] ID set to 00000000000C31F2_0000000000000001 (parent 00000000000C31F0_0000000000000001)
[E 14:42:16 799218] Mimicry classification suppression detected; exiting.
[T 14:42:16 799216] Extractor terminated with exit code 0.
[E 14:42:16 799176] Processed command line: /home/bork/codeql-home/codeql/cpp/tools/linux64/extractor --trapfolder /home/bork/dev/ctf-projects/picoctf/heres_a_libc/src/decomp/trap/cpp --src_archive /home/bork/dev/ctf-projects/picoctf/heres_a_libc/src/decomp/src --mimic_config /home/bork/dev/ctf-projects/picoctf/heres_a_libc/src/decomp/working/compiler_mimic_cache/84447f179cda --object_filename /tmp/cc8mrTYF.s -w --error_limit 1000 --disable_system_macros --variadic_macros --gcc --gnu_version 90300 --target linux_x86_64 -D__SSP_STRONG__=3 '-D__DBL_MIN_EXP__=(-1021)' -D__FLT32X_MAX_EXP__=1024 -D__UINT_LEAST16_MAX__=0xffff -D__ATOMIC_ACQUIRE=2 -D__FLT128_MAX_10_EXP__=4932 -D__FLT_MIN__=1.17549435082228750796873653722224568e-38F -D__GCC_IEC_559_COMPLEX=2 '-D__UINT_LEAST8_TYPE__=unsigned char' -D__SIZEOF_FLOAT80__=16 '-D__INTMAX_C(c)=c ## L' -D__CHAR_BIT__=8 -D__UINT8_MAX__=0xff -D__WINT_MAX__=0xffffffffU '-D__FLT32_MIN_EXP__=(-125)' -D__ORDER_LITTLE_ENDIAN__=1234 -D__SIZE_MAX__=0xffffffffffffffffUL -D__WCHAR_MAX__=0x7fffffff -D__GCC_HAVE_SYNC_COMPARE_AND_SWAP_1=1 -D__GCC_HAVE_SYNC_COMPARE_AND_SWAP_2=1 -D__GCC_HAVE_SYNC_COMPARE_AND_SWAP_4=1 '-D__DBL_DENORM_MIN__=((double)4.94065645841246544176568792868221372e-324L)' -D__GCC_HAVE_SYNC_COMPARE_AND_SWAP_8=1 -D__GCC_ATOMIC_CHAR_LOCK_FREE=2 -D__GCC_IEC_559=2 -D__FLT32X_DECIMAL_DIG__=17 -D__FLT_EVAL_METHOD__=0 -D__unix__=1 -D__FLT64_DECIMAL_DIG__=17 -D__CET__=3 -D__GCC_ATOMIC_CHAR32_T_LOCK_FREE=2 -D__x86_64=1 -D__UINT_FAST64_MAX__=0xffffffffffffffffUL -D__SIG_ATOMIC_TYPE__=int '-D__DBL_MIN_10_EXP__=(-307)' -D__FINITE_MATH_ONLY__=0 -D__FLT32_HAS_DENORM__=1 -D__UINT_FAST8_MAX__=0xff '-D__has_include(STR)=__has_include__(STR)' -D__DEC64_MAX_EXP__=385 '-D__INT8_C(c)=c' -D__INT_LEAST8_WIDTH__=8 -D__UINT_LEAST64_MAX__=0xffffffffffffffffUL -D__SHRT_MAX__=0x7fff '-D__LDBL_MAX__=1.18973149535723176502126385303097021e+4932L' -D__FLT64X_MAX_10_EXP__=4932 -D__UINT_LEAST8_MAX__=0xff -D__GCC_ATOMIC_BOOL_LOCK_FREE=2 -D__FLT128_DENORM_MIN__=6.47517511943802511092443895822764655e-4966F128 '-D__UINTMAX_TYPE__=long unsigned int' -D__linux=1 -D__DEC32_EPSILON__=1E-6DF -D__FLT_EVAL_METHOD_TS_18661_3__=0 -D__unix=1 -D__UINT32_MAX__=0xffffffffU -D__LDBL_MAX_EXP__=16384 '-D__FLT128_MIN_EXP__=(-16381)' -D__WINT_MIN__=0U -D__linux__=1 '-D__FLT128_MIN_10_EXP__=(-4931)' -D__INT_LEAST16_WIDTH__=16 -D__SCHAR_MAX__=0x7f -D__FLT128_MANT_DIG__=113 '-D__WCHAR_MIN__=(-__WCHAR_MAX__ - 1)' '-D__INT64_C(c)=c ## L' -D__DBL_DIG__=15 -D__GCC_ATOMIC_POINTER_LOCK_FREE=2 -D__FLT64X_MANT_DIG__=64 -D__SIZEOF_INT__=4 -D__SIZEOF_POINTER__=8 -D__USER_LABEL_PREFIX__= -D__FLT64X_EPSILON__=1.08420217248550443400745280086994171e-19F64x -D__LDBL_HAS_INFINITY__=1 -D__FLT32_DIG__=6 -D__FLT_EPSILON__=1.19209289550781250000000000000000000e-7F -D__SHRT_WIDTH__=16 -D__LDBL_MIN__=3.36210314311209350626267781732175260e-4932L -D__STDC_UTF_16__=1 -D__DEC32_MAX__=9.999999E96DF -D__FLT64X_DENORM_MIN__=3.64519953188247460252840593361941982e-4951F64x -D__FLT32X_HAS_INFINITY__=1 -D__INT32_MAX__=0x7fffffff -D__INT_WIDTH__=32 -D__SIZEOF_LONG__=8 -D__STDC_IEC_559__=1 -D__STDC_ISO_10646__=201706L '-D__UINT16_C(c)=c' -D__PTRDIFF_WIDTH__=64 -D__DECIMAL_DIG__=21 -D__FLT64_EPSILON__=2.22044604925031308084726333618164062e-16F64 -D__gnu_linux__=1 -D__INTMAX_WIDTH__=64 '-D__has_include_next(STR)=__has_include_next__(STR)' '-D__FLT64X_MIN_10_EXP__=(-4931)' -D__LDBL_HAS_QUIET_NAN__=1 -D__FLT64_MANT_DIG__=53 -D__pie__=2 -D__MMX__=1 -D__FLT_HAS_DENORM__=1 -D__SIZEOF_LONG_DOUBLE__=16 -D__BIGGEST_ALIGNMENT__=16 -D__FLT64_MAX_10_EXP__=308 '-D__DBL_MAX__=((double)1.79769313486231570814527423731704357e+308L)' -D__INT_FAST32_MAX__=0x7fffffffffffffffL -D__DBL_HAS_INFINITY__=1 -D__HAVE_SPECULATION_SAFE_VALUE=1 '-D__DEC32_MIN_EXP__=(-94)' -D__INTPTR_WIDTH__=64 -D__FLT32X_HAS_DENORM__=1 '-D__INT_FAST16_TYPE__=long int' -D__LDBL_HAS_DENORM__=1 -D__FLT128_HAS_INFINITY__=1 -D__DEC128_MAX__=9.999999999999999999999999999999999E6144DL -D__INT_LEAST32_MAX__=0x7fffffff -D__DEC32_MIN__=1E-95DF -D__DBL_MAX_EXP__=1024 -D__WCHAR_WIDTH__=32 '-D__FLT32_MAX__=3.40282346638528859811704183484516925e+38F32' -D__DEC128_EPSILON__=1E-33DL -D__SSE2_MATH__=1 -D__ATOMIC_HLE_RELEASE=131072 -D__PTRDIFF_MAX__=0x7fffffffffffffffL -D__amd64=1 -D__ATOMIC_HLE_ACQUIRE=65536 -D__FLT32_HAS_QUIET_NAN__=1 -D__LONG_LONG_MAX__=0x7fffffffffffffffLL -D__SIZEOF_SIZE_T__=8 '-D__FLT64X_MIN_EXP__=(-16381)' -D__SIZEOF_WINT_T__=4 -D__LONG_LONG_WIDTH__=64 -D__FLT32_MAX_EXP__=128 -D__GCC_HAVE_DWARF2_CFI_ASM=1 -D__GXX_ABI_VERSION=1013 '-D__FLT_MIN_EXP__=(-125)' -D__FLT64X_HAS_QUIET_NAN__=1 '-D__INT_FAST64_TYPE__=long int' -D__FLT64_DENORM_MIN__=4.94065645841246544176568792868221372e-324F64 '-D__DBL_MIN__=((double)2.22507385850720138309023271733240406e-308L)' -D__PIE__=2 -D__LP64__=1 -D__FLT32X_EPSILON__=2.22044604925031308084726333618164062e-16F32x -D__DECIMAL_BID_FORMAT__=1 '-D__FLT64_MIN_EXP__=(-1021)' '-D__FLT64_MIN_10_EXP__=(-307)' -D__FLT64X_DECIMAL_DIG__=21 -D__DEC128_MIN__=1E-6143DL -D__REGISTER_PREFIX__= -D__UINT16_MAX__=0xffff -D__DBL_HAS_DENORM__=1 -D__FLT32_MIN__=1.17549435082228750796873653722224568e-38F32 '-D__UINT8_TYPE__=unsigned char' -D__NO_INLINE__=1 -D__FLT_MANT_DIG__=24 -D__LDBL_DECIMAL_DIG__=21 '-D__UINT64_C(c)=c ## UL' -D_STDC_PREDEF_H=1 -D__GCC_ATOMIC_INT_LOCK_FREE=2 -D__FLT128_MAX_EXP__=16384 -D__FLT32_MANT_DIG__=24 -D__FLOAT_WORD_ORDER__=__ORDER_LITTLE_ENDIAN__ -D__STDC_IEC_559_COMPLEX__=1 -D__FLT128_HAS_DENORM__=1 -D__FLT128_DIG__=33 -D__SCHAR_WIDTH__=8 '-D__INT32_C(c)=c' -D__DEC64_EPSILON__=1E-15DD -D__ORDER_PDP_ENDIAN__=3412 '-D__DEC128_MIN_EXP__=(-6142)' -D__FLT32_MAX_10_EXP__=38 '-D__INT_FAST32_TYPE__=long int' '-D__UINT_LEAST16_TYPE__=short unsigned int' -D__FLT64X_HAS_INFINITY__=1 -Dunix=1 -D__INT16_MAX__=0x7fff '-D__SIZE_TYPE__=long unsigned int' -D__UINT64_MAX__=0xffffffffffffffffUL -D__FLT64X_DIG__=18 '-D__INT8_TYPE__=signed char' -D__ELF__=1 -D__GCC_ASM_FLAG_OUTPUTS__=1 -D__FLT_RADIX__=2 '-D__INT_LEAST16_TYPE__=short int' -D__LDBL_EPSILON__=1.08420217248550443400745280086994171e-19L '-D__UINTMAX_C(c)=c ## UL' -D__SSE_MATH__=1 -D__k8=1 -D__SIG_ATOMIC_MAX__=0x7fffffff -D__GCC_ATOMIC_WCHAR_T_LOCK_FREE=2 -D__SIZEOF_PTRDIFF_T__=8 -D__FLT32X_MANT_DIG__=53 -D__x86_64__=1 '-D__FLT32X_MIN_EXP__=(-1021)' -D__DEC32_SUBNORMAL_MIN__=0.000001E-95DF -D__INT_FAST16_MAX__=0x7fffffffffffffffL -D__FLT64_DIG__=15 -D__UINT_FAST32_MAX__=0xffffffffffffffffUL '-D__UINT_LEAST64_TYPE__=long unsigned int' -D__FLT_HAS_QUIET_NAN__=1 -D__FLT_MAX_10_EXP__=38 -D__LONG_MAX__=0x7fffffffffffffffL -D__FLT64X_HAS_DENORM__=1 -D__DEC128_SUBNORMAL_MIN__=0.000000000000000000000000000000001E-6143DL -D__FLT_HAS_INFINITY__=1 '-D__UINT_FAST16_TYPE__=long unsigned int' -D__DEC64_MAX__=9.999999999999999E384DD -D__INT_FAST32_WIDTH__=64 -D__PRAGMA_REDEFINE_EXTNAME=1 -D__SIZE_WIDTH__=64 -D__SEG_FS=1 -D__INT_LEAST16_MAX__=0x7fff -D__DEC64_MANT_DIG__=16 -D__INT64_MAX__=0x7fffffffffffffffL -D__UINT_LEAST32_MAX__=0xffffffffU -D__SEG_GS=1 -D__FLT32_DENORM_MIN__=1.40129846432481707092372958328991613e-45F32 -D__GCC_ATOMIC_LONG_LOCK_FREE=2 -D__SIG_ATOMIC_WIDTH__=32 '-D__INT_LEAST64_TYPE__=long int' '-D__INT16_TYPE__=short int' '-D__INT_LEAST8_TYPE__=signed char' -D__DEC32_MAX_EXP__=97 -D__INT_FAST8_MAX__=0x7f '-D__FLT128_MAX__=1.18973149535723176508575932662800702e+4932F128' -D__INTPTR_MAX__=0x7fffffffffffffffL -Dlinux=1 -D__FLT64_HAS_QUIET_NAN__=1 '-D__FLT32_MIN_10_EXP__=(-37)' -D__SSE2__=1 -D__FLT32X_DIG__=15 -D__LDBL_MANT_DIG__=64 -D__DBL_HAS_QUIET_NAN__=1 -D__FLT64_HAS_INFINITY__=1 '-D__FLT64X_MAX__=1.18973149535723176502126385303097021e+4932F64x' '-D__SIG_ATOMIC_MIN__=(-__SIG_ATOMIC_MAX__ - 1)' -D__code_model_small__=1 -D__k8__=1 '-D__INTPTR_TYPE__=long int' '-D__UINT16_TYPE__=short unsigned int' -D__WCHAR_TYPE__=int -D__SIZEOF_FLOAT__=4 -D__pic__=2 -D__UINTPTR_MAX__=0xffffffffffffffffUL -D__INT_FAST64_WIDTH__=64 '-D__DEC64_MIN_EXP__=(-382)' -D__FLT32_DECIMAL_DIG__=9 -D__INT_FAST64_MAX__=0x7fffffffffffffffL -D__GCC_ATOMIC_TEST_AND_SET_TRUEVAL=1 -D__FLT_DIG__=6 -D__FLT32_HAS_INFINITY__=1 -D__FLT64X_MAX_EXP__=16384 '-D__UINT_FAST64_TYPE__=long unsigned int' -D__INT_MAX__=0x7fffffff -D__amd64__=1 '-D__INT64_TYPE__=long int' -D__FLT_MAX_EXP__=128 -D__ORDER_BIG_ENDIAN__=4321 -D__DBL_MANT_DIG__=53 -D__SIZEOF_FLOAT128__=16 -D__INT_LEAST64_MAX__=0x7fffffffffffffffL -D__GCC_ATOMIC_CHAR16_T_LOCK_FREE=2 -D__DEC64_MIN__=1E-383DD '-D__WINT_TYPE__=unsigned int' '-D__UINT_LEAST32_TYPE__=unsigned int' -D__SIZEOF_SHORT__=2 -D__SSE__=1 '-D__LDBL_MIN_EXP__=(-16381)' '-D__FLT64_MAX__=1.79769313486231570814527423731704357e+308F64' -D__WINT_WIDTH__=32 -D__INT_LEAST8_MAX__=0x7f -D__FLT32X_MAX_10_EXP__=308 -D__SIZEOF_INT128__=16 -D__LDBL_MAX_10_EXP__=4932 -D__ATOMIC_RELAXED=0 '-D__DBL_EPSILON__=((double)2.22044604925031308084726333618164062e-16L)' -D__FLT128_MIN__=3.36210314311209350626267781732175260e-4932F128 -D_LP64=1 '-D__UINT8_C(c)=c' -D__FLT64_MAX_EXP__=1024 -D__INT_LEAST32_TYPE__=int -D__SIZEOF_WCHAR_T__=4 '-D__UINT64_TYPE__=long unsigned int' -D__FLT128_HAS_QUIET_NAN__=1 '-D__INT_FAST8_TYPE__=signed char' -D__FLT64X_MIN__=3.36210314311209350626267781732175260e-4932F64x -D__FLT64_HAS_DENORM__=1 -D__FLT32_EPSILON__=1.19209289550781250000000000000000000e-7F32 -D__DBL_DECIMAL_DIG__=17 -D__STDC_UTF_32__=1 -D__INT_FAST8_WIDTH__=8 -D__FXSR__=1 -D__DEC_EVAL_METHOD__=2 '-D__FLT32X_MAX__=1.79769313486231570814527423731704357e+308F32x' '-D__UINT32_C(c)=c ## U' -D__INTMAX_MAX__=0x7fffffffffffffffL -D__BYTE_ORDER__=__ORDER_LITTLE_ENDIAN__ -D__FLT_DENORM_MIN__=1.40129846432481707092372958328991613e-45F -D__INT8_MAX__=0x7f -D__LONG_WIDTH__=64 -D__PIC__=2 '-D__UINT_FAST32_TYPE__=long unsigned int' '-D__FLT_MAX__=3.40282346638528859811704183484516925e+38F' -D__INT32_TYPE__=int -D__SIZEOF_DOUBLE__=8 '-D__FLT_MIN_10_EXP__=(-37)' -D__FLT64_MIN__=2.22507385850720138309023271733240406e-308F64 -D__INT_LEAST32_WIDTH__=32 '-D__INTMAX_TYPE__=long int' -D__DEC128_MAX_EXP__=6145 -D__FLT32X_HAS_QUIET_NAN__=1 -D__ATOMIC_CONSUME=1 -D__INT_FAST16_WIDTH__=64 -D__UINTMAX_MAX__=0xffffffffffffffffUL -D__DEC32_MANT_DIG__=7 -D__FLT32X_DENORM_MIN__=4.94065645841246544176568792868221372e-324F32x -D__DBL_MAX_10_EXP__=308 -D__LDBL_DENORM_MIN__=3.64519953188247460252840593361941982e-4951L '-D__INT16_C(c)=c' '-D__PTRDIFF_TYPE__=long int' -D__ATOMIC_SEQ_CST=5 '-D__UINT32_TYPE__=unsigned int' '-D__FLT32X_MIN_10_EXP__=(-307)' '-D__UINTPTR_TYPE__=long unsigned int' -D__DEC64_SUBNORMAL_MIN__=0.000000000000001E-383DD -D__DEC128_MANT_DIG__=34 '-D__LDBL_MIN_10_EXP__=(-4931)' -D__FLT128_EPSILON__=1.92592994438723585305597794258492732e-34F128 -D__SIZEOF_LONG_LONG__=8 -D__FLT128_DECIMAL_DIG__=36 -D__GCC_ATOMIC_LLONG_LOCK_FREE=2 -D__FLT32X_MIN__=2.22507385850720138309023271733240406e-308F32x -D__LDBL_DIG__=18 -D__FLT_DECIMAL_DIG__=9 -D__UINT_FAST16_MAX__=0xffffffffffffffffUL -D__GCC_ATOMIC_SHORT_LOCK_FREE=2 -D__INT_LEAST64_WIDTH__=64 '-D__UINT_FAST8_TYPE__=unsigned char' -D__ATOMIC_ACQ_REL=4 -D__ATOMIC_RELEASE=3 -I. -I/usr/lib/gcc/x86_64-linux-gnu/9/include -I/usr/local/include -I/usr/include/x86_64-linux-gnu -I/usr/include -- vuln_todo.c
[E 14:42:16 799176] Starting compilation TRAP /home/bork/dev/ctf-projects/picoctf/heres_a_libc/src/decomp/trap/cpp/compilations/33/48374350_0.trap.br
[E 14:42:16 799176] Archiving /home/bork/dev/ctf-projects/picoctf/heres_a_libc/src/decomp/src/home/bork/dev/ctf-projects/picoctf/heres_a_libc/src/vuln_todo.c
[E 14:42:16 799176] Archiving /home/bork/dev/ctf-projects/picoctf/heres_a_libc/src/decomp/src/usr/lib/gcc/x86_64-linux-gnu/9/include/stdint.h
[E 14:42:16 799176] Archiving /home/bork/dev/ctf-projects/picoctf/heres_a_libc/src/decomp/src/usr/include/stdint.h
[E 14:42:16 799176] Archiving /home/bork/dev/ctf-projects/picoctf/heres_a_libc/src/decomp/src/usr/include/x86_64-linux-gnu/bits/libc-header-start.h
[E 14:42:16 799176] Archiving /home/bork/dev/ctf-projects/picoctf/heres_a_libc/src/decomp/src/usr/include/features.h
[E 14:42:16 799176] Archiving /home/bork/dev/ctf-projects/picoctf/heres_a_libc/src/decomp/src/usr/include/stdc-predef.h
[E 14:42:16 799176] Archiving /home/bork/dev/ctf-projects/picoctf/heres_a_libc/src/decomp/src/usr/include/x86_64-linux-gnu/sys/cdefs.h
[E 14:42:16 799176] Archiving /home/bork/dev/ctf-projects/picoctf/heres_a_libc/src/decomp/src/usr/include/x86_64-linux-gnu/bits/wordsize.h
[E 14:42:16 799176] Archiving /home/bork/dev/ctf-projects/picoctf/heres_a_libc/src/decomp/src/usr/include/x86_64-linux-gnu/bits/long-double.h
[E 14:42:16 799176] Archiving /home/bork/dev/ctf-projects/picoctf/heres_a_libc/src/decomp/src/usr/include/x86_64-linux-gnu/gnu/stubs.h
[E 14:42:16 799176] Archiving /home/bork/dev/ctf-projects/picoctf/heres_a_libc/src/decomp/src/usr/include/x86_64-linux-gnu/gnu/stubs-64.h
[E 14:42:16 799176] Archiving /home/bork/dev/ctf-projects/picoctf/heres_a_libc/src/decomp/src/usr/include/x86_64-linux-gnu/bits/types.h
[E 14:42:16 799176] Already archived /home/bork/dev/ctf-projects/picoctf/heres_a_libc/src/decomp/src/usr/include/x86_64-linux-gnu/bits/wordsize.h
[E 14:42:16 799176] Archiving /home/bork/dev/ctf-projects/picoctf/heres_a_libc/src/decomp/src/usr/include/x86_64-linux-gnu/bits/timesize.h
[E 14:42:16 799176] Archiving /home/bork/dev/ctf-projects/picoctf/heres_a_libc/src/decomp/src/usr/include/x86_64-linux-gnu/bits/typesizes.h
[E 14:42:16 799176] Archiving /home/bork/dev/ctf-projects/picoctf/heres_a_libc/src/decomp/src/usr/include/x86_64-linux-gnu/bits/time64.h
[E 14:42:16 799176] Archiving /home/bork/dev/ctf-projects/picoctf/heres_a_libc/src/decomp/src/usr/include/x86_64-linux-gnu/bits/wchar.h
[E 14:42:16 799176] Already archived /home/bork/dev/ctf-projects/picoctf/heres_a_libc/src/decomp/src/usr/include/x86_64-linux-gnu/bits/wordsize.h
[E 14:42:16 799176] Archiving /home/bork/dev/ctf-projects/picoctf/heres_a_libc/src/decomp/src/usr/include/x86_64-linux-gnu/bits/stdint-intn.h
[E 14:42:16 799176] Archiving /home/bork/dev/ctf-projects/picoctf/heres_a_libc/src/decomp/src/usr/include/x86_64-linux-gnu/bits/stdint-uintn.h
[E 14:42:16 799176] Archiving /home/bork/dev/ctf-projects/picoctf/heres_a_libc/src/decomp/src/usr/include/stdio.h
[E 14:42:16 799176] Already archived /home/bork/dev/ctf-projects/picoctf/heres_a_libc/src/decomp/src/usr/include/x86_64-linux-gnu/bits/libc-header-start.h
[E 14:42:16 799176] Archiving /home/bork/dev/ctf-projects/picoctf/heres_a_libc/src/decomp/src/usr/lib/gcc/x86_64-linux-gnu/9/include/stddef.h
[E 14:42:16 799176] Archiving /home/bork/dev/ctf-projects/picoctf/heres_a_libc/src/decomp/src/usr/lib/gcc/x86_64-linux-gnu/9/include/stdarg.h
[E 14:42:16 799176] Archiving /home/bork/dev/ctf-projects/picoctf/heres_a_libc/src/decomp/src/usr/include/x86_64-linux-gnu/bits/types/__fpos_t.h
[E 14:42:16 799176] Archiving /home/bork/dev/ctf-projects/picoctf/heres_a_libc/src/decomp/src/usr/include/x86_64-linux-gnu/bits/types/__mbstate_t.h
[E 14:42:16 799176] Archiving /home/bork/dev/ctf-projects/picoctf/heres_a_libc/src/decomp/src/usr/include/x86_64-linux-gnu/bits/types/__fpos64_t.h
[E 14:42:16 799176] Archiving /home/bork/dev/ctf-projects/picoctf/heres_a_libc/src/decomp/src/usr/include/x86_64-linux-gnu/bits/types/__FILE.h
[E 14:42:16 799176] Archiving /home/bork/dev/ctf-projects/picoctf/heres_a_libc/src/decomp/src/usr/include/x86_64-linux-gnu/bits/types/FILE.h
[E 14:42:16 799176] Archiving /home/bork/dev/ctf-projects/picoctf/heres_a_libc/src/decomp/src/usr/include/x86_64-linux-gnu/bits/types/struct_FILE.h
[E 14:42:16 799176] Archiving /home/bork/dev/ctf-projects/picoctf/heres_a_libc/src/decomp/src/usr/include/x86_64-linux-gnu/bits/stdio_lim.h
[E 14:42:16 799176] Archiving /home/bork/dev/ctf-projects/picoctf/heres_a_libc/src/decomp/src/usr/include/x86_64-linux-gnu/bits/sys_errlist.h
[E 14:42:16 799176] Archiving /home/bork/dev/ctf-projects/picoctf/heres_a_libc/src/decomp/src/usr/include/unistd.h
[E 14:42:16 799176] Archiving /home/bork/dev/ctf-projects/picoctf/heres_a_libc/src/decomp/src/usr/include/x86_64-linux-gnu/bits/posix_opt.h
[E 14:42:16 799176] Archiving /home/bork/dev/ctf-projects/picoctf/heres_a_libc/src/decomp/src/usr/include/x86_64-linux-gnu/bits/environments.h
[E 14:42:16 799176] Already archived /home/bork/dev/ctf-projects/picoctf/heres_a_libc/src/decomp/src/usr/include/x86_64-linux-gnu/bits/wordsize.h
[E 14:42:16 799176] Already archived /home/bork/dev/ctf-projects/picoctf/heres_a_libc/src/decomp/src/usr/lib/gcc/x86_64-linux-gnu/9/include/stddef.h
[E 14:42:16 799176] Archiving /home/bork/dev/ctf-projects/picoctf/heres_a_libc/src/decomp/src/usr/include/x86_64-linux-gnu/bits/confname.h
[E 14:42:16 799176] Archiving /home/bork/dev/ctf-projects/picoctf/heres_a_libc/src/decomp/src/usr/include/x86_64-linux-gnu/bits/getopt_posix.h
[E 14:42:16 799176] Archiving /home/bork/dev/ctf-projects/picoctf/heres_a_libc/src/decomp/src/usr/include/x86_64-linux-gnu/bits/getopt_core.h
[E 14:42:16 799176] Archiving /home/bork/dev/ctf-projects/picoctf/heres_a_libc/src/decomp/src/usr/include/x86_64-linux-gnu/bits/unistd_ext.h
[E 14:42:16 799176] Creating trap tarball /home/bork/dev/ctf-projects/picoctf/heres_a_libc/src/decomp/trap/cpp/tarballs/home/bork/dev/ctf-projects/picoctf/heres_a_libc/src/vuln_todo.c.d7801578_0.trap.tar.br
[E 14:42:16 799176] Emitting trap files for vuln_todo.c
[E 14:42:16 799176] Opening existencedb in /home/bork/dev/ctf-projects/picoctf/heres_a_libc/src/decomp/working/existencedb/db
[E 14:42:16 799176] Wrote 39 files to /home/bork/dev/ctf-projects/picoctf/heres_a_libc/src/decomp/trap/cpp/tarballs/home/bork/dev/ctf-projects/picoctf/heres_a_libc/src/vuln_todo.c.d7801578_0.trap.tar.br
[E 14:42:16 799176] Finished compilation TRAP /home/bork/dev/ctf-projects/picoctf/heres_a_libc/src/decomp/trap/cpp/compilations/33/48374350_0.trap.br
[E 14:42:16 799176] Marking C compilation as happened.
[E 14:42:16 799176] Setting tag c-compilation-happened
[E 14:42:16 799176] Starting from CODEQL_TRACER_DB_ID 00000000000C31B6_0000000000000001
[E 14:42:16 799176] Set tag for00000000000C31B6_0000000000000001
[E 14:42:16 799176] Set tag for00000000000C31B4_0000000000000001
[E 14:42:16 799176] Set tag for00000000000C31B1_0000000000000003
[E 14:42:16 799176] Set tag for00000000000C31B1_0000000000000002
[E 14:42:16 799176] Set tag forroot
[T 14:42:16 799158] Extractor terminated with exit code 0.
[T 14:42:16 799233] Reading configuration file /home/bork/dev/ctf-projects/picoctf/heres_a_libc/src/decomp/working/tracing/compiler-tracing2930569403218900821.spec...
[T 14:42:16 799233] Initialising tags...
[T 14:42:16 799233] ID set to 00000000000C3201_0000000000000001 (parent 00000000000C31B4_0000000000000001)
[T 14:42:16 799233] ==== Candidate to intercept: as (canonical: as) ====
[T 14:42:16 799233] Will try to resolve as in path /home/bork/.opam/_coq-platform_.2021.02.1/bin:/home/bork/.opam/_coq-platform_.2021.02.1/bin:/home/bork/.cargo/bin:/home/bork/.local/bin:/usr/local/sbin:/usr/local/bin:/usr/sbin:/usr/bin:/sbin:/bin:/usr/games:/usr/local/games:/snap/bin:/home/bork/.local/bin:/home/bork/.fzf/bin:/home/bork/codeql-home/codeql:/home/bork/.local/bin:/home/bork/.fzf/bin:/home/bork/codeql-home/codeql.
[T 14:42:16 799233]  -> path lookup for as as /home/bork/.opam/_coq-platform_.2021.02.1/bin/as...
[T 14:42:16 799233]  -> path lookup for as as /home/bork/.opam/_coq-platform_.2021.02.1/bin/as...
[T 14:42:16 799233]  -> path lookup for as as /home/bork/.cargo/bin/as...
[T 14:42:16 799233]  -> path lookup for as as /home/bork/.local/bin/as...
[T 14:42:16 799233]  -> path lookup for as as /usr/local/sbin/as...
[T 14:42:16 799233]  -> path lookup for as as /usr/local/bin/as...
[T 14:42:16 799233]  -> path lookup for as as /usr/sbin/as...
[T 14:42:16 799233]  -> path lookup for as as /usr/bin/as...
[T 14:42:16 799233] ==== Candidate to intercept: /usr/bin/as (canonical: /usr/bin/x86_64-linux-gnu-as) ====
[T 14:42:16 799233] === Intercepted call to /usr/bin/x86_64-linux-gnu-as === 
[T 14:42:16 799233] Resolved barename as to /usr/bin/as, which matched **/*-as...
[T 14:42:16 799235] Attempting to switch stdout/stderr to 3...
[T 14:42:16 799235] Reading configuration file /home/bork/dev/ctf-projects/picoctf/heres_a_libc/src/decomp/working/tracing/compiler-tracing2930569403218900821.spec...
[T 14:42:16 799235] Initialising tags...
[T 14:42:16 799235] ID set to 00000000000C3203_0000000000000001 (parent 00000000000C3201_0000000000000001)
[E 14:42:16 799235] CodeQL C/C++ Extractor 2.7.0
[E 14:42:16 799235] Current directory: /home/bork/dev/ctf-projects/picoctf/heres_a_libc/src
[E 14:42:16 799235] Command: /home/bork/codeql-home/codeql/cpp/tools/linux64/extractor --assembler --codeql-assembler-executable /usr/bin/x86_64-linux-gnu-as -I . --64 -o vuln_todo.o /tmp/cc8mrTYF.s
[T 14:42:16 799233] Extractor terminated with exit code 0.
[T 14:42:16 799246] Attempting to switch stdout/stderr to 3...
[T 14:42:16 799246] Reading configuration file /home/bork/dev/ctf-projects/picoctf/heres_a_libc/src/decomp/working/tracing/compiler-tracing2930569403218900821.spec...
[T 14:42:16 799246] Initialising tags...
[T 14:42:16 799246] ID set to 00000000000C320E_0000000000000001 (parent 00000000000C31B4_0000000000000001)
[E 14:42:16 799246] CodeQL C/C++ Extractor 2.7.0
[E 14:42:16 799246] Current directory: /home/bork/dev/ctf-projects/picoctf/heres_a_libc/src
[E 14:42:16 799246] Command: /home/bork/codeql-home/codeql/cpp/tools/linux64/extractor --mimic /usr/bin/x86_64-linux-gnu-gcc-9 -c -o vuln_todo.o vuln_todo.c -I.
[T 14:42:16 799247] Reading configuration file /home/bork/dev/ctf-projects/picoctf/heres_a_libc/src/decomp/working/tracing/compiler-tracing2930569403218900821.spec...
[T 14:42:16 799247] Initialising tags...
[T 14:42:16 799247] ID set to 00000000000C320F_0000000000000001 (parent 00000000000C320E_0000000000000001)
[T 14:42:16 799247] ==== Candidate to intercept: /usr/bin/x86_64-linux-gnu-gcc-9 (canonical: /usr/bin/x86_64-linux-gnu-gcc-9) ====
[T 14:42:16 799247] === Intercepted call to /usr/bin/x86_64-linux-gnu-gcc-9 === 
[T 14:42:16 799249] Attempting to switch stdout/stderr to 5...
[T 14:42:16 799249] Reading configuration file /home/bork/dev/ctf-projects/picoctf/heres_a_libc/src/decomp/working/tracing/compiler-tracing2930569403218900821.spec...
[T 14:42:16 799249] Initialising tags...
[T 14:42:16 799249] ID set to 00000000000C3211_0000000000000001 (parent 00000000000C320F_0000000000000001)
[E 14:42:16 799249] Mimicry classification suppression detected; exiting.
[T 14:42:16 799247] Extractor terminated with exit code 0.
[T 14:42:16 799250] Reading configuration file /home/bork/dev/ctf-projects/picoctf/heres_a_libc/src/decomp/working/tracing/compiler-tracing2930569403218900821.spec...
[T 14:42:16 799250] Initialising tags...
[T 14:42:16 799250] ID set to 00000000000C3212_0000000000000001 (parent 00000000000C320E_0000000000000001)
[T 14:42:16 799250] ==== Candidate to intercept: /usr/bin/x86_64-linux-gnu-gcc-9 (canonical: /usr/bin/x86_64-linux-gnu-gcc-9) ====
[T 14:42:16 799250] === Intercepted call to /usr/bin/x86_64-linux-gnu-gcc-9 === 
[T 14:42:16 799252] Attempting to switch stdout/stderr to 5...
[T 14:42:16 799252] Reading configuration file /home/bork/dev/ctf-projects/picoctf/heres_a_libc/src/decomp/working/tracing/compiler-tracing2930569403218900821.spec...
[T 14:42:16 799252] Initialising tags...
[T 14:42:16 799252] ID set to 00000000000C3214_0000000000000001 (parent 00000000000C3212_0000000000000001)
[E 14:42:16 799252] Mimicry classification suppression detected; exiting.
[T 14:42:16 799250] Extractor terminated with exit code 0.
[T 14:42:16 799253] Reading configuration file /home/bork/dev/ctf-projects/picoctf/heres_a_libc/src/decomp/working/tracing/compiler-tracing2930569403218900821.spec...
[T 14:42:16 799253] Initialising tags...
[T 14:42:16 799253] ID set to 00000000000C3215_0000000000000001 (parent 00000000000C320E_0000000000000001)
[T 14:42:16 799253] ==== Candidate to intercept: /usr/bin/x86_64-linux-gnu-gcc-9 (canonical: /usr/bin/x86_64-linux-gnu-gcc-9) ====
[T 14:42:16 799253] === Intercepted call to /usr/bin/x86_64-linux-gnu-gcc-9 === 
[T 14:42:16 799255] Reading configuration file /home/bork/dev/ctf-projects/picoctf/heres_a_libc/src/decomp/working/tracing/compiler-tracing2930569403218900821.spec...
[T 14:42:16 799255] Initialising tags...
[T 14:42:16 799255] ID set to 00000000000C3217_0000000000000001 (parent 00000000000C3215_0000000000000001)
[T 14:42:16 799255] ==== Candidate to intercept: /usr/lib/gcc/x86_64-linux-gnu/9/cc1 (canonical: /usr/lib/gcc/x86_64-linux-gnu/9/cc1) ====
[T 14:42:16 799255] === Intercepted call to /usr/lib/gcc/x86_64-linux-gnu/9/cc1 === 
[T 14:42:16 799257] Attempting to switch stdout/stderr to 5...
[T 14:42:16 799257] Reading configuration file /home/bork/dev/ctf-projects/picoctf/heres_a_libc/src/decomp/working/tracing/compiler-tracing2930569403218900821.spec...
[T 14:42:16 799257] Initialising tags...
[T 14:42:16 799257] ID set to 00000000000C3219_0000000000000001 (parent 00000000000C3217_0000000000000001)
[E 14:42:16 799257] Mimicry classification suppression detected; exiting.
[T 14:42:16 799255] Extractor terminated with exit code 0.
[T 14:42:16 799258] Reading configuration file /home/bork/dev/ctf-projects/picoctf/heres_a_libc/src/decomp/working/tracing/compiler-tracing2930569403218900821.spec...
[T 14:42:16 799258] Initialising tags...
[T 14:42:16 799258] ID set to 00000000000C321A_0000000000000001 (parent 00000000000C3215_0000000000000001)
[T 14:42:16 799258] ==== Candidate to intercept: as (canonical: as) ====
[T 14:42:16 799258] Will try to resolve as in path /home/bork/.opam/_coq-platform_.2021.02.1/bin:/home/bork/.opam/_coq-platform_.2021.02.1/bin:/home/bork/.cargo/bin:/home/bork/.local/bin:/usr/local/sbin:/usr/local/bin:/usr/sbin:/usr/bin:/sbin:/bin:/usr/games:/usr/local/games:/snap/bin:/home/bork/.local/bin:/home/bork/.fzf/bin:/home/bork/codeql-home/codeql:/home/bork/.local/bin:/home/bork/.fzf/bin:/home/bork/codeql-home/codeql.
[T 14:42:16 799258]  -> path lookup for as as /home/bork/.opam/_coq-platform_.2021.02.1/bin/as...
[T 14:42:16 799258]  -> path lookup for as as /home/bork/.opam/_coq-platform_.2021.02.1/bin/as...
[T 14:42:16 799258]  -> path lookup for as as /home/bork/.cargo/bin/as...
[T 14:42:16 799258]  -> path lookup for as as /home/bork/.local/bin/as...
[T 14:42:16 799258]  -> path lookup for as as /usr/local/sbin/as...
[T 14:42:16 799258]  -> path lookup for as as /usr/local/bin/as...
[T 14:42:16 799258]  -> path lookup for as as /usr/sbin/as...
[T 14:42:16 799258]  -> path lookup for as as /usr/bin/as...
[T 14:42:16 799258] ==== Candidate to intercept: /usr/bin/as (canonical: /usr/bin/x86_64-linux-gnu-as) ====
[T 14:42:16 799258] === Intercepted call to /usr/bin/x86_64-linux-gnu-as === 
[T 14:42:16 799258] Resolved barename as to /usr/bin/as, which matched **/*-as...
[T 14:42:16 799260] Attempting to switch stdout/stderr to 5...
[T 14:42:16 799260] Reading configuration file /home/bork/dev/ctf-projects/picoctf/heres_a_libc/src/decomp/working/tracing/compiler-tracing2930569403218900821.spec...
[T 14:42:16 799260] Initialising tags...
[T 14:42:16 799260] ID set to 00000000000C321C_0000000000000001 (parent 00000000000C321A_0000000000000001)
[E 14:42:16 799260] Mimicry classification suppression detected; exiting.
[T 14:42:16 799258] Extractor terminated with exit code 0.
[T 14:42:16 799261] Attempting to switch stdout/stderr to 5...
[T 14:42:16 799261] Reading configuration file /home/bork/dev/ctf-projects/picoctf/heres_a_libc/src/decomp/working/tracing/compiler-tracing2930569403218900821.spec...
[T 14:42:16 799261] Initialising tags...
[T 14:42:16 799261] ID set to 00000000000C321D_0000000000000001 (parent 00000000000C3215_0000000000000001)
[E 14:42:16 799261] Mimicry classification suppression detected; exiting.
[T 14:42:16 799253] Extractor terminated with exit code 0.
[T 14:42:16 799262] Reading configuration file /home/bork/dev/ctf-projects/picoctf/heres_a_libc/src/decomp/working/tracing/compiler-tracing2930569403218900821.spec...
[T 14:42:16 799262] Initialising tags...
[T 14:42:16 799262] ID set to 00000000000C321E_0000000000000001 (parent 00000000000C320E_0000000000000001)
[T 14:42:16 799262] ==== Candidate to intercept: /usr/bin/x86_64-linux-gnu-gcc-9 (canonical: /usr/bin/x86_64-linux-gnu-gcc-9) ====
[T 14:42:16 799262] === Intercepted call to /usr/bin/x86_64-linux-gnu-gcc-9 === 
[T 14:42:16 799264] Reading configuration file /home/bork/dev/ctf-projects/picoctf/heres_a_libc/src/decomp/working/tracing/compiler-tracing2930569403218900821.spec...
[T 14:42:16 799264] Initialising tags...
[T 14:42:16 799264] ID set to 00000000000C3220_0000000000000001 (parent 00000000000C321E_0000000000000001)
[T 14:42:16 799264] ==== Candidate to intercept: /usr/lib/gcc/x86_64-linux-gnu/9/cc1 (canonical: /usr/lib/gcc/x86_64-linux-gnu/9/cc1) ====
[T 14:42:16 799264] === Intercepted call to /usr/lib/gcc/x86_64-linux-gnu/9/cc1 === 
[T 14:42:16 799266] Attempting to switch stdout/stderr to 5...
[T 14:42:16 799266] Reading configuration file /home/bork/dev/ctf-projects/picoctf/heres_a_libc/src/decomp/working/tracing/compiler-tracing2930569403218900821.spec...
[T 14:42:16 799266] Initialising tags...
[T 14:42:16 799266] ID set to 00000000000C3222_0000000000000001 (parent 00000000000C3220_0000000000000001)
[E 14:42:16 799266] Mimicry classification suppression detected; exiting.
[T 14:42:16 799264] Extractor terminated with exit code 0.
[T 14:42:16 799267] Reading configuration file /home/bork/dev/ctf-projects/picoctf/heres_a_libc/src/decomp/working/tracing/compiler-tracing2930569403218900821.spec...
[T 14:42:16 799267] Initialising tags...
[T 14:42:16 799267] ID set to 00000000000C3223_0000000000000001 (parent 00000000000C321E_0000000000000001)
[T 14:42:16 799267] ==== Candidate to intercept: as (canonical: as) ====
[T 14:42:16 799267] Will try to resolve as in path /home/bork/.opam/_coq-platform_.2021.02.1/bin:/home/bork/.opam/_coq-platform_.2021.02.1/bin:/home/bork/.cargo/bin:/home/bork/.local/bin:/usr/local/sbin:/usr/local/bin:/usr/sbin:/usr/bin:/sbin:/bin:/usr/games:/usr/local/games:/snap/bin:/home/bork/.local/bin:/home/bork/.fzf/bin:/home/bork/codeql-home/codeql:/home/bork/.local/bin:/home/bork/.fzf/bin:/home/bork/codeql-home/codeql.
[T 14:42:16 799267]  -> path lookup for as as /home/bork/.opam/_coq-platform_.2021.02.1/bin/as...
[T 14:42:16 799267]  -> path lookup for as as /home/bork/.opam/_coq-platform_.2021.02.1/bin/as...
[T 14:42:16 799267]  -> path lookup for as as /home/bork/.cargo/bin/as...
[T 14:42:16 799267]  -> path lookup for as as /home/bork/.local/bin/as...
[T 14:42:16 799267]  -> path lookup for as as /usr/local/sbin/as...
[T 14:42:16 799267]  -> path lookup for as as /usr/local/bin/as...
[T 14:42:16 799267]  -> path lookup for as as /usr/sbin/as...
[T 14:42:16 799267]  -> path lookup for as as /usr/bin/as...
[T 14:42:16 799267] ==== Candidate to intercept: /usr/bin/as (canonical: /usr/bin/x86_64-linux-gnu-as) ====
[T 14:42:16 799267] === Intercepted call to /usr/bin/x86_64-linux-gnu-as === 
[T 14:42:16 799267] Resolved barename as to /usr/bin/as, which matched **/*-as...
[T 14:42:16 799269] Attempting to switch stdout/stderr to 5...
[T 14:42:16 799269] Reading configuration file /home/bork/dev/ctf-projects/picoctf/heres_a_libc/src/decomp/working/tracing/compiler-tracing2930569403218900821.spec...
[T 14:42:16 799269] Initialising tags...
[T 14:42:16 799269] ID set to 00000000000C3225_0000000000000001 (parent 00000000000C3223_0000000000000001)
[E 14:42:16 799269] Mimicry classification suppression detected; exiting.
[T 14:42:16 799267] Extractor terminated with exit code 0.
[T 14:42:16 799270] Attempting to switch stdout/stderr to 5...
[T 14:42:16 799270] Reading configuration file /home/bork/dev/ctf-projects/picoctf/heres_a_libc/src/decomp/working/tracing/compiler-tracing2930569403218900821.spec...
[T 14:42:16 799270] Initialising tags...
[T 14:42:16 799270] ID set to 00000000000C3226_0000000000000001 (parent 00000000000C321E_0000000000000001)
[E 14:42:16 799270] Mimicry classification suppression detected; exiting.
[T 14:42:16 799262] Extractor terminated with exit code 0.
[T 14:42:16 799271] Reading configuration file /home/bork/dev/ctf-projects/picoctf/heres_a_libc/src/decomp/working/tracing/compiler-tracing2930569403218900821.spec...
[T 14:42:16 799271] Initialising tags...
[T 14:42:16 799271] ID set to 00000000000C3227_0000000000000001 (parent 00000000000C320E_0000000000000001)
[T 14:42:16 799271] ==== Candidate to intercept: /usr/bin/x86_64-linux-gnu-gcc-9 (canonical: /usr/bin/x86_64-linux-gnu-gcc-9) ====
[T 14:42:16 799271] === Intercepted call to /usr/bin/x86_64-linux-gnu-gcc-9 === 
[T 14:42:16 799273] Reading configuration file /home/bork/dev/ctf-projects/picoctf/heres_a_libc/src/decomp/working/tracing/compiler-tracing2930569403218900821.spec...
[T 14:42:16 799273] Initialising tags...
[T 14:42:16 799273] ID set to 00000000000C3229_0000000000000001 (parent 00000000000C3227_0000000000000001)
[T 14:42:16 799273] ==== Candidate to intercept: /usr/lib/gcc/x86_64-linux-gnu/9/cc1 (canonical: /usr/lib/gcc/x86_64-linux-gnu/9/cc1) ====
[T 14:42:16 799273] === Intercepted call to /usr/lib/gcc/x86_64-linux-gnu/9/cc1 === 
[T 14:42:16 799275] Attempting to switch stdout/stderr to 5...
[T 14:42:16 799275] Reading configuration file /home/bork/dev/ctf-projects/picoctf/heres_a_libc/src/decomp/working/tracing/compiler-tracing2930569403218900821.spec...
[T 14:42:16 799275] Initialising tags...
[T 14:42:16 799275] ID set to 00000000000C322B_0000000000000001 (parent 00000000000C3229_0000000000000001)
[E 14:42:16 799275] Mimicry classification suppression detected; exiting.
[T 14:42:16 799273] Extractor terminated with exit code 0.
[T 14:42:16 799276] Attempting to switch stdout/stderr to 5...
[T 14:42:16 799276] Reading configuration file /home/bork/dev/ctf-projects/picoctf/heres_a_libc/src/decomp/working/tracing/compiler-tracing2930569403218900821.spec...
[T 14:42:16 799276] Initialising tags...
[T 14:42:16 799276] ID set to 00000000000C322C_0000000000000001 (parent 00000000000C3227_0000000000000001)
[E 14:42:16 799276] Mimicry classification suppression detected; exiting.
[T 14:42:16 799271] Extractor terminated with exit code 0.
[E 14:42:16 799246] Checking whether C compilation already happened.
[E 14:42:16 799246] Checking for tag c-compilation-happened
[E 14:42:16 799246] Checking CODEQL_TRACER_DB_ID 00000000000C31B4_0000000000000001
[E 14:42:16 799246] Tag exists.
[E 14:42:16 799246] Exiting as C compilation already happened.
[T 14:42:16 799156] Extractor terminated with exit code 0.
[T 14:42:16 799277] Reading configuration file /home/bork/dev/ctf-projects/picoctf/heres_a_libc/src/decomp/working/tracing/compiler-tracing2930569403218900821.spec...
[T 14:42:16 799277] Initialising tags...
[T 14:42:16 799277] ID set to 00000000000C322D_0000000000000001 (parent 00000000000C31B1_0000000000000003)
[T 14:42:16 799277] ==== Candidate to intercept: gcc (canonical: gcc) ====
[T 14:42:16 799277] Will try to resolve gcc in path /home/bork/.opam/_coq-platform_.2021.02.1/bin:/home/bork/.opam/_coq-platform_.2021.02.1/bin:/home/bork/.cargo/bin:/home/bork/.local/bin:/usr/local/sbin:/usr/local/bin:/usr/sbin:/usr/bin:/sbin:/bin:/usr/games:/usr/local/games:/snap/bin:/home/bork/.local/bin:/home/bork/.fzf/bin:/home/bork/codeql-home/codeql:/home/bork/.local/bin:/home/bork/.fzf/bin:/home/bork/codeql-home/codeql.
[T 14:42:16 799277]  -> path lookup for gcc as /home/bork/.opam/_coq-platform_.2021.02.1/bin/gcc...
[T 14:42:16 799277]  -> path lookup for gcc as /home/bork/.opam/_coq-platform_.2021.02.1/bin/gcc...
[T 14:42:16 799277]  -> path lookup for gcc as /home/bork/.cargo/bin/gcc...
[T 14:42:16 799277]  -> path lookup for gcc as /home/bork/.local/bin/gcc...
[T 14:42:16 799277]  -> path lookup for gcc as /usr/local/sbin/gcc...
[T 14:42:16 799277]  -> path lookup for gcc as /usr/local/bin/gcc...
[T 14:42:16 799277]  -> path lookup for gcc as /usr/sbin/gcc...
[T 14:42:16 799277]  -> path lookup for gcc as /usr/bin/gcc...
[T 14:42:16 799277] ==== Candidate to intercept: /usr/bin/gcc (canonical: /usr/bin/x86_64-linux-gnu-gcc-9) ====
[T 14:42:16 799277] === Intercepted call to /usr/bin/x86_64-linux-gnu-gcc-9 === 
[T 14:42:16 799277] Resolved barename gcc to /usr/bin/gcc, which matched **/*cc*...
[T 14:42:16 799279] Reading configuration file /home/bork/dev/ctf-projects/picoctf/heres_a_libc/src/decomp/working/tracing/compiler-tracing2930569403218900821.spec...
[T 14:42:16 799279] Initialising tags...
[T 14:42:16 799279] ID set to 00000000000C322F_0000000000000001 (parent 00000000000C322D_0000000000000001)
[T 14:42:16 799279] ==== Candidate to intercept: /usr/lib/gcc/x86_64-linux-gnu/9/collect2 (canonical: /usr/lib/gcc/x86_64-linux-gnu/9/collect2) ====
[T 14:42:16 799279] === Intercepted call to /usr/lib/gcc/x86_64-linux-gnu/9/collect2 === 
[T 14:42:16 799281] Reading configuration file /home/bork/dev/ctf-projects/picoctf/heres_a_libc/src/decomp/working/tracing/compiler-tracing2930569403218900821.spec...
[T 14:42:16 799281] Initialising tags...
[T 14:42:16 799281] ID set to 00000000000C3231_0000000000000001 (parent 00000000000C322F_0000000000000001)
[T 14:42:16 799281] ==== Candidate to intercept: /usr/bin/ld (canonical: /usr/bin/x86_64-linux-gnu-ld.bfd) ====
[T 14:42:16 799281] === Intercepted call to /usr/bin/x86_64-linux-gnu-ld.bfd === 
[T 14:42:16 799283] Attempting to switch stdout/stderr to 3...
[T 14:42:16 799283] Reading configuration file /home/bork/dev/ctf-projects/picoctf/heres_a_libc/src/decomp/working/tracing/compiler-tracing2930569403218900821.spec...
[T 14:42:16 799283] Initialising tags...
[T 14:42:16 799283] ID set to 00000000000C3233_0000000000000001 (parent 00000000000C3231_0000000000000001)
[E 14:42:16 799283] CodeQL C/C++ Extractor 2.7.0
[E 14:42:16 799283] Current directory: /home/bork/dev/ctf-projects/picoctf/heres_a_libc/src
[E 14:42:16 799283] Command: /home/bork/codeql-home/codeql/cpp/tools/linux64/extractor --linker --semmle-linker-executable /usr/bin/x86_64-linux-gnu-ld.bfd -plugin /usr/lib/gcc/x86_64-linux-gnu/9/liblto_plugin.so -plugin-opt=/usr/lib/gcc/x86_64-linux-gnu/9/lto-wrapper -plugin-opt=-fresolution=/tmp/ccepQZgS.res -plugin-opt=-pass-through=-lgcc -plugin-opt=-pass-through=-lgcc_s -plugin-opt=-pass-through=-lc -plugin-opt=-pass-through=-lgcc -plugin-opt=-pass-through=-lgcc_s --build-id --eh-frame-hdr -m elf_x86_64 --hash-style=gnu --as-needed -dynamic-linker /lib64/ld-linux-x86-64.so.2 -pie -z now -z relro -o vuln_todo /usr/lib/gcc/x86_64-linux-gnu/9/../../../x86_64-linux-gnu/Scrt1.o /usr/lib/gcc/x86_64-linux-gnu/9/../../../x86_64-linux-gnu/crti.o /usr/lib/gcc/x86_64-linux-gnu/9/crtbeginS.o -L/usr/lib/gcc/x86_64-linux-gnu/9 -L/usr/lib/gcc/x86_64-linux-gnu/9/../../../x86_64-linux-gnu -L/usr/lib/gcc/x86_64-linux-gnu/9/../../../../lib -L/lib/x86_64-linux-gnu -L/lib/../lib -L/usr/lib/x86_64-linux-gnu -L/usr/lib/../lib -L/usr/lib/gcc/x86_64-linux-gnu/9/../../.. vuln_todo.o -lgcc --push-state --as-needed -lgcc_s --pop-state -lc -lgcc --push-state --as-needed -lgcc_s --pop-state /usr/lib/gcc/x86_64-linux-gnu/9/crtendS.o /usr/lib/gcc/x86_64-linux-gnu/9/../../../x86_64-linux-gnu/crtn.o
Warning: Unrecognised command line argument -plugin
Warning: Unrecognised command line argument -plugin-opt=/usr/lib/gcc/x86_64-linux-gnu/9/lto-wrapper
Warning: Unrecognised command line argument -plugin-opt=-fresolution=/tmp/ccepQZgS.res
Warning: Unrecognised command line argument -plugin-opt=-pass-through=-lgcc
Warning: Unrecognised command line argument -plugin-opt=-pass-through=-lgcc_s
Warning: Unrecognised command line argument -plugin-opt=-pass-through=-lc
Warning: Unrecognised command line argument -plugin-opt=-pass-through=-lgcc
Warning: Unrecognised command line argument -plugin-opt=-pass-through=-lgcc_s
Warning: Unrecognised command line argument --build-id
Warning: Unrecognised command line argument --push-state
Warning: Unrecognised command line argument --pop-state
Warning: Unrecognised command line argument --push-state
Warning: Unrecognised command line argument --pop-state
[E 14:42:16 799283] Warning[extractor-c++]: In print_object_names: Could not open object file "elf_x86_64" (error 2: No such file or directory).
[T 14:42:16 799281] Extractor terminated with exit code 0.
[T 14:42:16 799284] Attempting to switch stdout/stderr to 3...
[T 14:42:16 799284] Reading configuration file /home/bork/dev/ctf-projects/picoctf/heres_a_libc/src/decomp/working/tracing/compiler-tracing2930569403218900821.spec...
[T 14:42:16 799284] Initialising tags...
[T 14:42:16 799284] ID set to 00000000000C3234_0000000000000001 (parent 00000000000C322F_0000000000000001)
[E 14:42:16 799284] CodeQL C/C++ Extractor 2.7.0
[E 14:42:16 799284] Current directory: /home/bork/dev/ctf-projects/picoctf/heres_a_libc/src
[E 14:42:16 799284] Command: /home/bork/codeql-home/codeql/cpp/tools/linux64/extractor --linker --semmle-linker-executable /usr/lib/gcc/x86_64-linux-gnu/9/collect2 -plugin /usr/lib/gcc/x86_64-linux-gnu/9/liblto_plugin.so -plugin-opt=/usr/lib/gcc/x86_64-linux-gnu/9/lto-wrapper -plugin-opt=-fresolution=/tmp/ccepQZgS.res -plugin-opt=-pass-through=-lgcc -plugin-opt=-pass-through=-lgcc_s -plugin-opt=-pass-through=-lc -plugin-opt=-pass-through=-lgcc -plugin-opt=-pass-through=-lgcc_s --build-id --eh-frame-hdr -m elf_x86_64 --hash-style=gnu --as-needed -dynamic-linker /lib64/ld-linux-x86-64.so.2 -pie -z now -z relro -o vuln_todo /usr/lib/gcc/x86_64-linux-gnu/9/../../../x86_64-linux-gnu/Scrt1.o /usr/lib/gcc/x86_64-linux-gnu/9/../../../x86_64-linux-gnu/crti.o /usr/lib/gcc/x86_64-linux-gnu/9/crtbeginS.o -L/usr/lib/gcc/x86_64-linux-gnu/9 -L/usr/lib/gcc/x86_64-linux-gnu/9/../../../x86_64-linux-gnu -L/usr/lib/gcc/x86_64-linux-gnu/9/../../../../lib -L/lib/x86_64-linux-gnu -L/lib/../lib -L/usr/lib/x86_64-linux-gnu -L/usr/lib/../lib -L/usr/lib/gcc/x86_64-linux-gnu/9/../../.. vuln_todo.o -lgcc --push-state --as-needed -lgcc_s --pop-state -lc -lgcc --push-state --as-needed -lgcc_s --pop-state /usr/lib/gcc/x86_64-linux-gnu/9/crtendS.o /usr/lib/gcc/x86_64-linux-gnu/9/../../../x86_64-linux-gnu/crtn.o
Warning: Unrecognised command line argument -plugin
Warning: Unrecognised command line argument -plugin-opt=/usr/lib/gcc/x86_64-linux-gnu/9/lto-wrapper
Warning: Unrecognised command line argument -plugin-opt=-fresolution=/tmp/ccepQZgS.res
Warning: Unrecognised command line argument -plugin-opt=-pass-through=-lgcc
Warning: Unrecognised command line argument -plugin-opt=-pass-through=-lgcc_s
Warning: Unrecognised command line argument -plugin-opt=-pass-through=-lc
Warning: Unrecognised command line argument -plugin-opt=-pass-through=-lgcc
Warning: Unrecognised command line argument -plugin-opt=-pass-through=-lgcc_s
Warning: Unrecognised command line argument --build-id
Warning: Unrecognised command line argument --push-state
Warning: Unrecognised command line argument --pop-state
Warning: Unrecognised command line argument --push-state
Warning: Unrecognised command line argument --pop-state
[E 14:42:17 799284] Warning[extractor-c++]: In print_object_names: Could not open object file "elf_x86_64" (error 2: No such file or directory).
[T 14:42:17 799279] Extractor terminated with exit code 0.
[T 14:42:17 799285] Attempting to switch stdout/stderr to 3...
[T 14:42:17 799285] Reading configuration file /home/bork/dev/ctf-projects/picoctf/heres_a_libc/src/decomp/working/tracing/compiler-tracing2930569403218900821.spec...
[T 14:42:17 799285] Initialising tags...
[T 14:42:17 799285] ID set to 00000000000C3235_0000000000000001 (parent 00000000000C322D_0000000000000001)
[E 14:42:17 799285] CodeQL C/C++ Extractor 2.7.0
[E 14:42:17 799285] Current directory: /home/bork/dev/ctf-projects/picoctf/heres_a_libc/src
[E 14:42:17 799285] Command: /home/bork/codeql-home/codeql/cpp/tools/linux64/extractor --mimic /usr/bin/x86_64-linux-gnu-gcc-9 -o vuln_todo vuln_todo.o -I.
[E 14:42:17 799285] Checking whether C compilation already happened.
[E 14:42:17 799285] Checking for tag c-compilation-happened
[E 14:42:17 799285] Checking CODEQL_TRACER_DB_ID 00000000000C322D_0000000000000001
[E 14:42:17 799285] Looks like C compilation didn't already happen.
[E 14:42:17 799285] Checking whether C compilation has been attempted.
[E 14:42:17 799285] Checking for tag c-compilation-attempted
[E 14:42:17 799285] Checking CODEQL_TRACER_DB_ID 00000000000C322D_0000000000000001
[E 14:42:17 799285] Marking C compilation as attempted.
[E 14:42:17 799285] Setting tag c-compilation-attempted
[E 14:42:17 799285] Starting from CODEQL_TRACER_DB_ID 00000000000C322D_0000000000000001
[E 14:42:17 799285] Set tag for00000000000C322D_0000000000000001
[E 14:42:17 799285] Set tag for00000000000C31B1_0000000000000003
[E 14:42:17 799285] Set tag for00000000000C31B1_0000000000000002
[E 14:42:17 799285] Set tag forroot
Excluded vuln_todo.o because it is an object
[E 14:42:17 799285] 0 file groups; exiting.
[T 14:42:17 799277] Extractor terminated with exit code 0.
